This is pdfTeX, Version 3.141592653-2.6-1.40.29 (TeX Live 2026) (preloaded format=pdflatex 2026.3.22)  22 JUL 2026 09:20
entering extended mode
 restricted \write18 enabled.
 %&-line parsing enabled.
**main.tex
(./main.tex
LaTeX2e <2025-11-01>
L3 programming layer <2026-01-19>
(/usr/local/texlive/2026/texmf-dist/tex/latex/base/article.cls
Document Class: article 2025/01/22 v1.4n Standard LaTeX document class
(/usr/local/texlive/2026/texmf-dist/tex/latex/base/size10.clo
File: size10.clo 2025/01/22 v1.4n Standard LaTeX file (size option)
)
\c@part=\count275
\c@section=\count276
\c@subsection=\count277
\c@subsubsection=\count278
\c@paragraph=\count279
\c@subparagraph=\count280
\c@figure=\count281
\c@table=\count282
\abovecaptionskip=\skip49
\belowcaptionskip=\skip50
\bibindent=\dimen148
)
(/usr/local/texlive/2026/texmf-dist/tex/latex/xcolor/xcolor.sty
Package: xcolor 2024/09/29 v3.02 LaTeX color extensions (UK)

(/usr/local/texlive/2026/texmf-dist/tex/latex/graphics-cfg/color.cfg
File: color.cfg 2016/01/02 v1.6 sample color configuration
)
Package xcolor Info: Driver file: pdftex.def on input line 274.

(/usr/local/texlive/2026/texmf-dist/tex/latex/graphics-def/pdftex.def
File: pdftex.def 2025/09/29 v1.2d Graphics/color driver for pdftex
)
(/usr/local/texlive/2026/texmf-dist/tex/latex/graphics/mathcolor.ltx)
Package xcolor Info: Model `cmy' substituted by `cmy0' on input line 1349.
Package xcolor Info: Model `hsb' substituted by `rgb' on input line 1353.
Package xcolor Info: Model `RGB' extended on input line 1365.
Package xcolor Info: Model `HTML' substituted by `rgb' on input line 1367.
Package xcolor Info: Model `Hsb' substituted by `hsb' on input line 1368.
Package xcolor Info: Model `tHsb' substituted by `hsb' on input line 1369.
Package xcolor Info: Model `HSB' substituted by `hsb' on input line 1370.
Package xcolor Info: Model `Gray' substituted by `gray' on input line 1371.
Package xcolor Info: Model `wave' substituted by `hsb' on input line 1372.
)
(/usr/local/texlive/2026/texmf-dist/tex/latex/hyperref/hyperref.sty
Package: hyperref 2026-01-29 v7.01p Hypertext links for LaTeX

(/usr/local/texlive/2026/texmf-dist/tex/generic/iftex/iftex.sty
Package: iftex 2024/12/12 v1.0g TeX engine tests
)
(/usr/local/texlive/2026/texmf-dist/tex/latex/graphics/keyval.sty
Package: keyval 2022/05/29 v1.15 key=value parser (DPC)
\KV@toks@=\toks17
)
(/usr/local/texlive/2026/texmf-dist/tex/latex/kvsetkeys/kvsetkeys.sty
Package: kvsetkeys 2022-10-05 v1.19 Key value parser (HO)
)
(/usr/local/texlive/2026/texmf-dist/tex/generic/kvdefinekeys/kvdefinekeys.sty
Package: kvdefinekeys 2019-12-19 v1.6 Define keys (HO)
)
(/usr/local/texlive/2026/texmf-dist/tex/generic/pdfescape/pdfescape.sty
Package: pdfescape 2019/12/09 v1.15 Implements pdfTeX's escape features (HO)

(/usr/local/texlive/2026/texmf-dist/tex/generic/ltxcmds/ltxcmds.sty
Package: ltxcmds 2023-12-04 v1.26 LaTeX kernel commands for general use (HO)
)
(/usr/local/texlive/2026/texmf-dist/tex/generic/pdftexcmds/pdftexcmds.sty
Package: pdftexcmds 2020-06-27 v0.33 Utility functions of pdfTeX for LuaTeX (HO
)

(/usr/local/texlive/2026/texmf-dist/tex/generic/infwarerr/infwarerr.sty
Package: infwarerr 2019/12/03 v1.5 Providing info/warning/error messages (HO)
)
Package pdftexcmds Info: \pdf@primitive is available.
Package pdftexcmds Info: \pdf@ifprimitive is available.
Package pdftexcmds Info: \pdfdraftmode found.
))
(/usr/local/texlive/2026/texmf-dist/tex/latex/hycolor/hycolor.sty
Package: hycolor 2020-01-27 v1.10 Color options for hyperref/bookmark (HO)
)
(/usr/local/texlive/2026/texmf-dist/tex/latex/hyperref/nameref.sty
Package: nameref 2026-01-29 v2.58 Cross-referencing by name of section

(/usr/local/texlive/2026/texmf-dist/tex/latex/refcount/refcount.sty
Package: refcount 2019/12/15 v3.6 Data extraction from label references (HO)
)
(/usr/local/texlive/2026/texmf-dist/tex/generic/gettitlestring/gettitlestring.s
ty
Package: gettitlestring 2019/12/15 v1.6 Cleanup title references (HO)
 (/usr/local/texlive/2026/texmf-dist/tex/latex/kvoptions/kvoptions.sty
Package: kvoptions 2022-06-15 v3.15 Key value format for package options (HO)
))
\c@section@level=\count283
)
(/usr/local/texlive/2026/texmf-dist/tex/latex/etoolbox/etoolbox.sty
Package: etoolbox 2025/10/02 v2.5m e-TeX tools for LaTeX (JAW)
\etb@tempcnta=\count284
)
(/usr/local/texlive/2026/texmf-dist/tex/generic/stringenc/stringenc.sty
Package: stringenc 2019/11/29 v1.12 Convert strings between diff. encodings (HO
)
)
\@linkdim=\dimen149
\Hy@linkcounter=\count285
\Hy@pagecounter=\count286

(/usr/local/texlive/2026/texmf-dist/tex/latex/hyperref/pd1enc.def
File: pd1enc.def 2026-01-29 v7.01p Hyperref: PDFDocEncoding definition (HO)
Now handling font encoding PD1 ...
... no UTF-8 mapping file for font encoding PD1
)
(/usr/local/texlive/2026/texmf-dist/tex/generic/intcalc/intcalc.sty
Package: intcalc 2019/12/15 v1.3 Expandable calculations with integers (HO)
)
\Hy@SavedSpaceFactor=\count287

(/usr/local/texlive/2026/texmf-dist/tex/latex/hyperref/puenc.def
File: puenc.def 2026-01-29 v7.01p Hyperref: PDF Unicode definition (HO)
Now handling font encoding PU ...
... no UTF-8 mapping file for font encoding PU
)
Package hyperref Info: Hyper figures OFF on input line 4201.
Package hyperref Info: Link nesting OFF on input line 4206.
Package hyperref Info: Hyper index ON on input line 4209.
Package hyperref Info: Plain pages OFF on input line 4216.
Package hyperref Info: Backreferencing OFF on input line 4221.
Package hyperref Info: Implicit mode ON; LaTeX internals redefined.
Package hyperref Info: Bookmarks ON on input line 4468.
\c@Hy@tempcnt=\count288

(/usr/local/texlive/2026/texmf-dist/tex/latex/url/url.sty
\Urlmuskip=\muskip17
Package: url 2013/09/16  ver 3.4  Verb mode for urls, etc.
)
LaTeX Info: Redefining \url on input line 4807.
\XeTeXLinkMargin=\dimen150

(/usr/local/texlive/2026/texmf-dist/tex/generic/bitset/bitset.sty
Package: bitset 2019/12/09 v1.3 Handle bit-vector datatype (HO)

(/usr/local/texlive/2026/texmf-dist/tex/generic/bigintcalc/bigintcalc.sty
Package: bigintcalc 2019/12/15 v1.5 Expandable calculations on big integers (HO
)
))
\Fld@menulength=\count289
\Field@Width=\dimen151
\Fld@charsize=\dimen152
Package hyperref Info: Hyper figures OFF on input line 6084.
Package hyperref Info: Link nesting OFF on input line 6089.
Package hyperref Info: Hyper index ON on input line 6092.
Package hyperref Info: backreferencing OFF on input line 6099.
Package hyperref Info: Link coloring OFF on input line 6104.
Package hyperref Info: Link coloring with OCG OFF on input line 6109.
Package hyperref Info: PDF/A mode OFF on input line 6114.
\Hy@abspage=\count290
\c@Item=\count291
\c@Hfootnote=\count292
)
Package hyperref Info: Driver (autodetected): hpdftex.

(/usr/local/texlive/2026/texmf-dist/tex/latex/hyperref/hpdftex.def
File: hpdftex.def 2026-01-29 v7.01p Hyperref driver for pdfTeX
\Fld@listcount=\count293
\c@bookmark@seq@number=\count294

(/usr/local/texlive/2026/texmf-dist/tex/latex/rerunfilecheck/rerunfilecheck.sty
Package: rerunfilecheck 2025-06-21 v1.11 Rerun checks for auxiliary files (HO)

(/usr/local/texlive/2026/texmf-dist/tex/generic/uniquecounter/uniquecounter.sty
Package: uniquecounter 2019/12/15 v1.4 Provide unlimited unique counter (HO)
)
Package uniquecounter Info: New unique counter `rerunfilecheck' on input line 2
84.
)
\Hy@SectionHShift=\skip51
) (/usr/local/texlive/2026/texmf-dist/tex/latex/mdframed/mdframed.sty
Package: mdframed 2013/07/01 1.9b: mdframed

(/usr/local/texlive/2026/texmf-dist/tex/latex/l3packages/xparse/xparse.sty
(/usr/local/texlive/2026/texmf-dist/tex/latex/l3kernel/expl3.sty
Package: expl3 2026-01-19 L3 programming layer (loader) 

(/usr/local/texlive/2026/texmf-dist/tex/latex/l3backend/l3backend-pdftex.def
File: l3backend-pdftex.def 2025-10-09 L3 backend support: PDF output (pdfTeX)
\l__color_backend_stack_int=\count295
))
Package: xparse 2025-10-09 L3 Experimental document command parser
) (/usr/local/texlive/2026/texmf-dist/tex/latex/zref/zref-abspage.sty
Package: zref-abspage 2026-03-07 v2.37 Module abspage for zref (HO)

(/usr/local/texlive/2026/texmf-dist/tex/latex/zref/zref-base.sty
Package: zref-base 2026-03-07 v2.37 Module base for zref (HO)

(/usr/local/texlive/2026/texmf-dist/tex/generic/etexcmds/etexcmds.sty
Package: etexcmds 2019/12/15 v1.7 Avoid name clashes with e-TeX commands (HO)
)
(/usr/local/texlive/2026/texmf-dist/tex/latex/auxhook/auxhook.sty
Package: auxhook 2019-12-17 v1.6 Hooks for auxiliary files (HO)
)
Package zref Info: New property list: main on input line 767.
Package zref Info: New property: default on input line 768.
Package zref Info: New property: page on input line 769.
)
\c@abspage=\count296
Package zref Info: New property: abspage on input line 67.
)
(/usr/local/texlive/2026/texmf-dist/tex/latex/needspace/needspace.sty
Package: needspace 2025/03/13 v1.3e reserve vertical space
)
\mdf@templength=\skip52
\c@mdf@globalstyle@cnt=\count297
\mdf@skipabove@length=\skip53
\mdf@skipbelow@length=\skip54
\mdf@leftmargin@length=\skip55
\mdf@rightmargin@length=\skip56
\mdf@innerleftmargin@length=\skip57
\mdf@innerrightmargin@length=\skip58
\mdf@innertopmargin@length=\skip59
\mdf@innerbottommargin@length=\skip60
\mdf@splittopskip@length=\skip61
\mdf@splitbottomskip@length=\skip62
\mdf@outermargin@length=\skip63
\mdf@innermargin@length=\skip64
\mdf@linewidth@length=\skip65
\mdf@innerlinewidth@length=\skip66
\mdf@middlelinewidth@length=\skip67
\mdf@outerlinewidth@length=\skip68
\mdf@roundcorner@length=\skip69
\mdf@footenotedistance@length=\skip70
\mdf@userdefinedwidth@length=\skip71
\mdf@needspace@length=\skip72
\mdf@frametitleaboveskip@length=\skip73
\mdf@frametitlebelowskip@length=\skip74
\mdf@frametitlerulewidth@length=\skip75
\mdf@frametitleleftmargin@length=\skip76
\mdf@frametitlerightmargin@length=\skip77
\mdf@shadowsize@length=\skip78
\mdf@extratopheight@length=\skip79
\mdf@subtitleabovelinewidth@length=\skip80
\mdf@subtitlebelowlinewidth@length=\skip81
\mdf@subtitleaboveskip@length=\skip82
\mdf@subtitlebelowskip@length=\skip83
\mdf@subtitleinneraboveskip@length=\skip84
\mdf@subtitleinnerbelowskip@length=\skip85
\mdf@subsubtitleabovelinewidth@length=\skip86
\mdf@subsubtitlebelowlinewidth@length=\skip87
\mdf@subsubtitleaboveskip@length=\skip88
\mdf@subsubtitlebelowskip@length=\skip89
\mdf@subsubtitleinneraboveskip@length=\skip90
\mdf@subsubtitleinnerbelowskip@length=\skip91

(/usr/local/texlive/2026/texmf-dist/tex/latex/mdframed/md-frame-0.mdf
File: md-frame-0.mdf 2013/07/01\ 1.9b: md-frame-0
)
\mdf@frametitlebox=\box53
\mdf@footnotebox=\box54
\mdf@splitbox@one=\box55
\mdf@splitbox@two=\box56
\mdf@splitbox@save=\box57
\mdfsplitboxwidth=\skip92
\mdfsplitboxtotalwidth=\skip93
\mdfsplitboxheight=\skip94
\mdfsplitboxdepth=\skip95
\mdfsplitboxtotalheight=\skip96
\mdfframetitleboxwidth=\skip97
\mdfframetitleboxtotalwidth=\skip98
\mdfframetitleboxheight=\skip99
\mdfframetitleboxdepth=\skip100
\mdfframetitleboxtotalheight=\skip101
\mdffootnoteboxwidth=\skip102
\mdffootnoteboxtotalwidth=\skip103
\mdffootnoteboxheight=\skip104
\mdffootnoteboxdepth=\skip105
\mdffootnoteboxtotalheight=\skip106
\mdftotallinewidth=\skip107
\mdfboundingboxwidth=\skip108
\mdfboundingboxtotalwidth=\skip109
\mdfboundingboxheight=\skip110
\mdfboundingboxdepth=\skip111
\mdfboundingboxtotalheight=\skip112
\mdf@freevspace@length=\skip113
\mdf@horizontalwidthofbox@length=\skip114
\mdf@verticalmarginwhole@length=\skip115
\mdf@horizontalspaceofbox=\skip116
\mdfsubtitleheight=\skip117
\mdfsubsubtitleheight=\skip118
\c@mdfcountframes=\count298

****** mdframed patching \endmdf@trivlist

****** -- success******

\mdf@envdepth=\count299
\c@mdf@env@i=\count300
\c@mdf@env@ii=\count301
\c@mdf@zref@counter=\count302
Package zref Info: New property: mdf@pagevalue on input line 895.
)
(/usr/local/texlive/2026/texmf-dist/tex/latex/pdfpages/pdfpages.sty
Package: pdfpages 2025/07/23 v0.6g Insert pages of external PDF documents (AM)

(/usr/local/texlive/2026/texmf-dist/tex/latex/base/ifthen.sty
Package: ifthen 2024/03/16 v1.1e Standard LaTeX ifthen package (DPC)
)
(/usr/local/texlive/2026/texmf-dist/tex/latex/tools/calc.sty
Package: calc 2025/03/01 v4.3b Infix arithmetic (KKT,FJ)
\calc@Acount=\count303
\calc@Bcount=\count304
\calc@Adimen=\dimen153
\calc@Bdimen=\dimen154
\calc@Askip=\skip119
\calc@Bskip=\skip120
LaTeX Info: Redefining \setlength on input line 86.
LaTeX Info: Redefining \addtolength on input line 87.
\calc@Ccount=\count305
\calc@Cskip=\skip121
)
(/usr/local/texlive/2026/texmf-dist/tex/latex/eso-pic/eso-pic.sty
Package: eso-pic 2025/12/10 v3.0d eso-pic (RN)
\ESO@tempdima=\dimen155
\ESO@tempdimb=\dimen156
)
(/usr/local/texlive/2026/texmf-dist/tex/latex/graphics/graphicx.sty
Package: graphicx 2024/12/31 v1.2e Enhanced LaTeX Graphics (DPC,SPQR)

(/usr/local/texlive/2026/texmf-dist/tex/latex/graphics/graphics.sty
Package: graphics 2024/08/06 v1.4g Standard LaTeX Graphics (DPC,SPQR)

(/usr/local/texlive/2026/texmf-dist/tex/latex/graphics/trig.sty
Package: trig 2023/12/02 v1.11 sin cos tan (DPC)
)
(/usr/local/texlive/2026/texmf-dist/tex/latex/graphics-cfg/graphics.cfg
File: graphics.cfg 2016/06/04 v1.11 sample graphics configuration
)
Package graphics Info: Driver file: pdftex.def on input line 106.
)
\Gin@req@height=\dimen157
\Gin@req@width=\dimen158
)
\AM@pagewidth=\dimen159
\AM@pageheight=\dimen160
\AM@fboxrule=\dimen161

(/usr/local/texlive/2026/texmf-dist/tex/latex/pdfpages/pppdftex.def
File: pppdftex.def 2025/07/23 v0.6g Pdfpages driver for pdfTeX (AM)
)
\pdfpages@includegraphics@status=\count306
\AM@pagebox=\box58
\AM@global@opts=\toks18
\AM@pagecnt=\count307
\AM@toc@title=\toks19
\AM@lof@heading=\toks20
\c@AM@survey=\count308
\AM@templatesizebox=\box59
)
(/usr/local/texlive/2026/texmf-dist/tex/latex/geometry/geometry.sty
Package: geometry 2026/03/07 v6.0 Page Geometry

(/usr/local/texlive/2026/texmf-dist/tex/generic/iftex/ifvtex.sty
Package: ifvtex 2019/10/25 v1.7 ifvtex legacy package. Use iftex instead.
)
\Gm@cnth=\count309
\Gm@cntv=\count310
\c@Gm@tempcnt=\count311
\Gm@bindingoffset=\dimen162
\Gm@wd@mp=\dimen163
\Gm@odd@mp=\dimen164
\Gm@even@mp=\dimen165
\Gm@layoutwidth=\dimen166
\Gm@layoutheight=\dimen167
\Gm@layouthoffset=\dimen168
\Gm@layoutvoffset=\dimen169
\Gm@dimlist=\toks21
)
(/usr/local/texlive/2026/texmf-dist/tex/latex/titlesec/titlesec.sty
Package: titlesec 2025/01/04 v2.17 Sectioning titles
\ttl@box=\box60
\beforetitleunit=\skip122
\aftertitleunit=\skip123
\ttl@plus=\dimen170
\ttl@minus=\dimen171
\ttl@toksa=\toks22
\titlewidth=\dimen172
\titlewidthlast=\dimen173
\titlewidthfirst=\dimen174
)
(/usr/local/texlive/2026/texmf-dist/tex/latex/tablefootnote/tablefootnote.sty
Package: tablefootnote 2014/01/26 v1.1c Table foot notes (HMM)

(/usr/local/texlive/2026/texmf-dist/tex/latex/letltxmacro/letltxmacro.sty
Package: letltxmacro 2019/12/03 v1.6 Let assignment for LaTeX macros (HO)
)
(/usr/local/texlive/2026/texmf-dist/tex/latex/xifthen/xifthen.sty
Package: xifthen 2015/11/05 v1.4.0 Extended ifthen features

(/usr/local/texlive/2026/texmf-dist/tex/latex/ifmtarg/ifmtarg.sty
Package: ifmtarg 2018/04/16 v1.2b check for an empty argument
)))
(/usr/local/texlive/2026/texmf-dist/tex/latex/caption/subcaption.sty
Package: subcaption 2023/07/28 v1.6b Sub-captions (AR)

(/usr/local/texlive/2026/texmf-dist/tex/latex/caption/caption.sty
Package: caption 2023/08/05 v3.6o Customizing captions (AR)

(/usr/local/texlive/2026/texmf-dist/tex/latex/caption/caption3.sty
Package: caption3 2023/07/31 v2.4d caption3 kernel (AR)
\caption@tempdima=\dimen175
\captionmargin=\dimen176
\caption@leftmargin=\dimen177
\caption@rightmargin=\dimen178
\caption@width=\dimen179
\caption@indent=\dimen180
\caption@parindent=\dimen181
\caption@hangindent=\dimen182
Package caption Info: Standard document class detected.
)
\c@caption@flags=\count312
\c@continuedfloat=\count313
Package caption Info: hyperref package is loaded.
)
Package caption Info: New subtype `subfigure' on input line 238.
\c@subfigure=\count314
Package caption Info: New subtype `subtable' on input line 238.
\c@subtable=\count315
)
(/usr/local/texlive/2026/texmf-dist/tex/latex/background/background.sty
Package: background 2014/03/04 v2.1 background material

(/usr/local/texlive/2026/texmf-dist/tex/latex/xkeyval/xkeyval.sty
Package: xkeyval 2025/11/04 v2.10 package option processing (HA)

(/usr/local/texlive/2026/texmf-dist/tex/generic/xkeyval/xkeyval.tex
(/usr/local/texlive/2026/texmf-dist/tex/generic/xkeyval/xkvutils.tex
\XKV@toks=\toks23
\XKV@tempa@toks=\toks24
\XKV@tempb@toks=\toks25
)
\XKV@depth=\count316
File: xkeyval.tex 2014/12/03 v2.7a key=value parser (HA)
))
(/usr/local/texlive/2026/texmf-dist/tex/latex/pgf/frontendlayer/tikz.sty
(/usr/local/texlive/2026/texmf-dist/tex/latex/pgf/basiclayer/pgf.sty
(/usr/local/texlive/2026/texmf-dist/tex/latex/pgf/utilities/pgfrcs.sty
(/usr/local/texlive/2026/texmf-dist/tex/generic/pgf/utilities/pgfutil-common.te
x
\pgfutil@everybye=\toks26
\pgfutil@tempdima=\dimen183
\pgfutil@tempdimb=\dimen184
)
(/usr/local/texlive/2026/texmf-dist/tex/generic/pgf/utilities/pgfutil-latex.def
\pgfutil@abb=\box61
) (/usr/local/texlive/2026/texmf-dist/tex/generic/pgf/utilities/pgfrcs.code.tex
(/usr/local/texlive/2026/texmf-dist/tex/generic/pgf/pgf.revision.tex)
Package: pgfrcs 2025-08-29 v3.1.11a (3.1.11a)
))
Package: pgf 2025-08-29 v3.1.11a (3.1.11a)

(/usr/local/texlive/2026/texmf-dist/tex/latex/pgf/basiclayer/pgfcore.sty
(/usr/local/texlive/2026/texmf-dist/tex/latex/pgf/systemlayer/pgfsys.sty
(/usr/local/texlive/2026/texmf-dist/tex/generic/pgf/systemlayer/pgfsys.code.tex
Package: pgfsys 2025-08-29 v3.1.11a (3.1.11a)
(/usr/local/texlive/2026/texmf-dist/tex/generic/pgf/utilities/pgfkeys.code.tex
\pgfkeys@pathtoks=\toks27
\pgfkeys@temptoks=\toks28

(/usr/local/texlive/2026/texmf-dist/tex/generic/pgf/utilities/pgfkeyslibraryfil
tered.code.tex
\pgfkeys@tmptoks=\toks29
))
\pgf@x=\dimen185
\pgf@y=\dimen186
\pgf@xa=\dimen187
\pgf@ya=\dimen188
\pgf@xb=\dimen189
\pgf@yb=\dimen190
\pgf@xc=\dimen191
\pgf@yc=\dimen192
\pgf@xd=\dimen193
\pgf@yd=\dimen194
\w@pgf@writea=\write3
\r@pgf@reada=\read2
\c@pgf@counta=\count317
\c@pgf@countb=\count318
\c@pgf@countc=\count319
\c@pgf@countd=\count320
\t@pgf@toka=\toks30
\t@pgf@tokb=\toks31
\t@pgf@tokc=\toks32
\pgf@sys@id@count=\count321

(/usr/local/texlive/2026/texmf-dist/tex/generic/pgf/systemlayer/pgf.cfg
File: pgf.cfg 2025-08-29 v3.1.11a (3.1.11a)
)
Driver file for pgf: pgfsys-pdftex.def

(/usr/local/texlive/2026/texmf-dist/tex/generic/pgf/systemlayer/pgfsys-pdftex.d
ef
File: pgfsys-pdftex.def 2025-08-29 v3.1.11a (3.1.11a)

(/usr/local/texlive/2026/texmf-dist/tex/generic/pgf/systemlayer/pgfsys-common-p
df.def
File: pgfsys-common-pdf.def 2025-08-29 v3.1.11a (3.1.11a)
)))
(/usr/local/texlive/2026/texmf-dist/tex/generic/pgf/systemlayer/pgfsyssoftpath.
code.tex
File: pgfsyssoftpath.code.tex 2025-08-29 v3.1.11a (3.1.11a)
\pgfsyssoftpath@smallbuffer@items=\count322
\pgfsyssoftpath@bigbuffer@items=\count323
)
(/usr/local/texlive/2026/texmf-dist/tex/generic/pgf/systemlayer/pgfsysprotocol.
code.tex
File: pgfsysprotocol.code.tex 2025-08-29 v3.1.11a (3.1.11a)
))
(/usr/local/texlive/2026/texmf-dist/tex/generic/pgf/basiclayer/pgfcore.code.tex
Package: pgfcore 2025-08-29 v3.1.11a (3.1.11a)
(/usr/local/texlive/2026/texmf-dist/tex/generic/pgf/math/pgfmath.code.tex
(/usr/local/texlive/2026/texmf-dist/tex/generic/pgf/math/pgfmathutil.code.tex)
(/usr/local/texlive/2026/texmf-dist/tex/generic/pgf/math/pgfmathparser.code.tex
\pgfmath@dimen=\dimen195
\pgfmath@count=\count324
\pgfmath@box=\box62
\pgfmath@toks=\toks33
\pgfmath@stack@operand=\toks34
\pgfmath@stack@operation=\toks35
)
(/usr/local/texlive/2026/texmf-dist/tex/generic/pgf/math/pgfmathfunctions.code.
tex)
(/usr/local/texlive/2026/texmf-dist/tex/generic/pgf/math/pgfmathfunctions.basic
.code.tex)
(/usr/local/texlive/2026/texmf-dist/tex/generic/pgf/math/pgfmathfunctions.trigo
nometric.code.tex)
(/usr/local/texlive/2026/texmf-dist/tex/generic/pgf/math/pgfmathfunctions.rando
m.code.tex)
(/usr/local/texlive/2026/texmf-dist/tex/generic/pgf/math/pgfmathfunctions.compa
rison.code.tex)
(/usr/local/texlive/2026/texmf-dist/tex/generic/pgf/math/pgfmathfunctions.base.
code.tex)
(/usr/local/texlive/2026/texmf-dist/tex/generic/pgf/math/pgfmathfunctions.round
.code.tex)
(/usr/local/texlive/2026/texmf-dist/tex/generic/pgf/math/pgfmathfunctions.misc.
code.tex)
(/usr/local/texlive/2026/texmf-dist/tex/generic/pgf/math/pgfmathfunctions.integ
erarithmetics.code.tex)
(/usr/local/texlive/2026/texmf-dist/tex/generic/pgf/math/pgfmathcalc.code.tex)
(/usr/local/texlive/2026/texmf-dist/tex/generic/pgf/math/pgfmathfloat.code.tex
\c@pgfmathroundto@lastzeros=\count325
)) (/usr/local/texlive/2026/texmf-dist/tex/generic/pgf/math/pgfint.code.tex)
(/usr/local/texlive/2026/texmf-dist/tex/generic/pgf/basiclayer/pgfcorepoints.co
de.tex
File: pgfcorepoints.code.tex 2025-08-29 v3.1.11a (3.1.11a)
\pgf@picminx=\dimen196
\pgf@picmaxx=\dimen197
\pgf@picminy=\dimen198
\pgf@picmaxy=\dimen199
\pgf@pathminx=\dimen256
\pgf@pathmaxx=\dimen257
\pgf@pathminy=\dimen258
\pgf@pathmaxy=\dimen259
\pgf@xx=\dimen260
\pgf@xy=\dimen261
\pgf@yx=\dimen262
\pgf@yy=\dimen263
\pgf@zx=\dimen264
\pgf@zy=\dimen265
)
(/usr/local/texlive/2026/texmf-dist/tex/generic/pgf/basiclayer/pgfcorepathconst
ruct.code.tex
File: pgfcorepathconstruct.code.tex 2025-08-29 v3.1.11a (3.1.11a)
\pgf@path@lastx=\dimen266
\pgf@path@lasty=\dimen267
)
(/usr/local/texlive/2026/texmf-dist/tex/generic/pgf/basiclayer/pgfcorepathusage
.code.tex
File: pgfcorepathusage.code.tex 2025-08-29 v3.1.11a (3.1.11a)
\pgf@shorten@end@additional=\dimen268
\pgf@shorten@start@additional=\dimen269
)
(/usr/local/texlive/2026/texmf-dist/tex/generic/pgf/basiclayer/pgfcorescopes.co
de.tex
File: pgfcorescopes.code.tex 2025-08-29 v3.1.11a (3.1.11a)
\pgfpic=\box63
\pgf@hbox=\box64
\pgf@layerbox@main=\box65
\pgf@picture@serial@count=\count326
)
(/usr/local/texlive/2026/texmf-dist/tex/generic/pgf/basiclayer/pgfcoregraphicst
ate.code.tex
File: pgfcoregraphicstate.code.tex 2025-08-29 v3.1.11a (3.1.11a)
\pgflinewidth=\dimen270
)
(/usr/local/texlive/2026/texmf-dist/tex/generic/pgf/basiclayer/pgfcoretransform
ations.code.tex
File: pgfcoretransformations.code.tex 2025-08-29 v3.1.11a (3.1.11a)
\pgf@pt@x=\dimen271
\pgf@pt@y=\dimen272
\pgf@pt@temp=\dimen273
)
(/usr/local/texlive/2026/texmf-dist/tex/generic/pgf/basiclayer/pgfcorequick.cod
e.tex
File: pgfcorequick.code.tex 2025-08-29 v3.1.11a (3.1.11a)
)
(/usr/local/texlive/2026/texmf-dist/tex/generic/pgf/basiclayer/pgfcoreobjects.c
ode.tex
File: pgfcoreobjects.code.tex 2025-08-29 v3.1.11a (3.1.11a)
)
(/usr/local/texlive/2026/texmf-dist/tex/generic/pgf/basiclayer/pgfcorepathproce
ssing.code.tex
File: pgfcorepathprocessing.code.tex 2025-08-29 v3.1.11a (3.1.11a)
)
(/usr/local/texlive/2026/texmf-dist/tex/generic/pgf/basiclayer/pgfcorearrows.co
de.tex
File: pgfcorearrows.code.tex 2025-08-29 v3.1.11a (3.1.11a)
\pgfarrowsep=\dimen274
)
(/usr/local/texlive/2026/texmf-dist/tex/generic/pgf/basiclayer/pgfcoreshade.cod
e.tex
File: pgfcoreshade.code.tex 2025-08-29 v3.1.11a (3.1.11a)
\pgf@max=\dimen275
\pgf@sys@shading@range@num=\count327
\pgf@shadingcount=\count328
)
(/usr/local/texlive/2026/texmf-dist/tex/generic/pgf/basiclayer/pgfcoreimage.cod
e.tex
File: pgfcoreimage.code.tex 2025-08-29 v3.1.11a (3.1.11a)
)
(/usr/local/texlive/2026/texmf-dist/tex/generic/pgf/basiclayer/pgfcoreexternal.
code.tex
File: pgfcoreexternal.code.tex 2025-08-29 v3.1.11a (3.1.11a)
\pgfexternal@startupbox=\box66
)
(/usr/local/texlive/2026/texmf-dist/tex/generic/pgf/basiclayer/pgfcorelayers.co
de.tex
File: pgfcorelayers.code.tex 2025-08-29 v3.1.11a (3.1.11a)
)
(/usr/local/texlive/2026/texmf-dist/tex/generic/pgf/basiclayer/pgfcoretranspare
ncy.code.tex
File: pgfcoretransparency.code.tex 2025-08-29 v3.1.11a (3.1.11a)
)
(/usr/local/texlive/2026/texmf-dist/tex/generic/pgf/basiclayer/pgfcorepatterns.
code.tex
File: pgfcorepatterns.code.tex 2025-08-29 v3.1.11a (3.1.11a)
)
(/usr/local/texlive/2026/texmf-dist/tex/generic/pgf/basiclayer/pgfcorerdf.code.
tex
File: pgfcorerdf.code.tex 2025-08-29 v3.1.11a (3.1.11a)
)))
(/usr/local/texlive/2026/texmf-dist/tex/generic/pgf/modules/pgfmoduleshapes.cod
e.tex
File: pgfmoduleshapes.code.tex 2025-08-29 v3.1.11a (3.1.11a)
\pgfnodeparttextbox=\box67
)
(/usr/local/texlive/2026/texmf-dist/tex/generic/pgf/modules/pgfmoduleplot.code.
tex
File: pgfmoduleplot.code.tex 2025-08-29 v3.1.11a (3.1.11a)
)
(/usr/local/texlive/2026/texmf-dist/tex/latex/pgf/compatibility/pgfcomp-version
-0-65.sty
Package: pgfcomp-version-0-65 2025-08-29 v3.1.11a (3.1.11a)
\pgf@nodesepstart=\dimen276
\pgf@nodesepend=\dimen277
)
(/usr/local/texlive/2026/texmf-dist/tex/latex/pgf/compatibility/pgfcomp-version
-1-18.sty
Package: pgfcomp-version-1-18 2025-08-29 v3.1.11a (3.1.11a)
))
(/usr/local/texlive/2026/texmf-dist/tex/latex/pgf/utilities/pgffor.sty
(/usr/local/texlive/2026/texmf-dist/tex/latex/pgf/utilities/pgfkeys.sty
(/usr/local/texlive/2026/texmf-dist/tex/generic/pgf/utilities/pgfkeys.code.tex)
) (/usr/local/texlive/2026/texmf-dist/tex/latex/pgf/math/pgfmath.sty
(/usr/local/texlive/2026/texmf-dist/tex/generic/pgf/math/pgfmath.code.tex))
(/usr/local/texlive/2026/texmf-dist/tex/generic/pgf/utilities/pgffor.code.tex
Package: pgffor 2025-08-29 v3.1.11a (3.1.11a)
\pgffor@iter=\dimen278
\pgffor@skip=\dimen279
\pgffor@stack=\toks36
\pgffor@toks=\toks37
))
(/usr/local/texlive/2026/texmf-dist/tex/generic/pgf/frontendlayer/tikz/tikz.cod
e.tex
Package: tikz 2025-08-29 v3.1.11a (3.1.11a)

(/usr/local/texlive/2026/texmf-dist/tex/generic/pgf/libraries/pgflibraryplothan
dlers.code.tex
File: pgflibraryplothandlers.code.tex 2025-08-29 v3.1.11a (3.1.11a)
\pgf@plot@mark@count=\count329
\pgfplotmarksize=\dimen280
)
\tikz@lastx=\dimen281
\tikz@lasty=\dimen282
\tikz@lastxsaved=\dimen283
\tikz@lastysaved=\dimen284
\tikz@lastmovetox=\dimen285
\tikz@lastmovetoy=\dimen286
\tikzleveldistance=\dimen287
\tikzsiblingdistance=\dimen288
\tikz@figbox=\box68
\tikz@figbox@bg=\box69
\tikz@tempbox=\box70
\tikz@tempbox@bg=\box71
\tikztreelevel=\count330
\tikznumberofchildren=\count331
\tikznumberofcurrentchild=\count332
\tikz@fig@count=\count333

(/usr/local/texlive/2026/texmf-dist/tex/generic/pgf/modules/pgfmodulematrix.cod
e.tex
File: pgfmodulematrix.code.tex 2025-08-29 v3.1.11a (3.1.11a)
\pgfmatrixcurrentrow=\count334
\pgfmatrixcurrentcolumn=\count335
\pgf@matrix@numberofcolumns=\count336
)
\tikz@expandcount=\count337

(/usr/local/texlive/2026/texmf-dist/tex/generic/pgf/frontendlayer/tikz/librarie
s/tikzlibrarytopaths.code.tex
File: tikzlibrarytopaths.code.tex 2025-08-29 v3.1.11a (3.1.11a)
)))
(/usr/local/texlive/2026/texmf-dist/tex/latex/everypage/everypage.sty
Package: everypage 2020/10/17 R2.0b Hooks to run on every page


Package everypage Warning: Functionality similar to this package has recently
(everypage)                been implemented in LaTeX. This package is now in
(everypage)                legacy status.
(everypage)                Please, don't use it in new documents and packages.


Package everypage Warning: You appear to be running a version of LaTeX
(everypage)                providing the new functionality.
(everypage)                Doing the best to deliver the original `everypage`
(everypage)                interface on top of it. Strict equivalence is
(everypage)                not possible, breakage may occur.
(everypage)                If truly needed, Use `everypage-1x` to force the
(everypage)                loading of an older code base.

) (/usr/local/texlive/2026/texmf-dist/tex/latex/tools/afterpage.sty
Package: afterpage 2023/07/04 v1.08 After-Page Package (DPC)
\AP@output=\toks38
\AP@partial=\box72
\AP@footins=\box73
))
(./main.aux)
\openout1 = `main.aux'.

LaTeX Font Info:    Checking defaults for OML/cmm/m/it on input line 26.
LaTeX Font Info:    ... okay on input line 26.
LaTeX Font Info:    Checking defaults for OMS/cmsy/m/n on input line 26.
LaTeX Font Info:    ... okay on input line 26.
LaTeX Font Info:    Checking defaults for OT1/cmr/m/n on input line 26.
LaTeX Font Info:    ... okay on input line 26.
LaTeX Font Info:    Checking defaults for T1/cmr/m/n on input line 26.
LaTeX Font Info:    ... okay on input line 26.
LaTeX Font Info:    Checking defaults for TS1/cmr/m/n on input line 26.
LaTeX Font Info:    ... okay on input line 26.
LaTeX Font Info:    Checking defaults for OMX/cmex/m/n on input line 26.
LaTeX Font Info:    ... okay on input line 26.
LaTeX Font Info:    Checking defaults for U/cmr/m/n on input line 26.
LaTeX Font Info:    ... okay on input line 26.
LaTeX Font Info:    Checking defaults for PD1/pdf/m/n on input line 26.
LaTeX Font Info:    ... okay on input line 26.
LaTeX Font Info:    Checking defaults for PU/pdf/m/n on input line 26.
LaTeX Font Info:    ... okay on input line 26.

(/usr/local/texlive/2026/texmf-dist/tex/context/base/mkii/supp-pdf.mkii
[Loading MPS to PDF converter (version 2006.09.02).]
\scratchcounter=\count338
\scratchdimen=\dimen289
\scratchbox=\box74
\nofMPsegments=\count339
\nofMParguments=\count340
\everyMPshowfont=\toks39
\MPscratchCnt=\count341
\MPscratchDim=\dimen290
\MPnumerator=\count342
\makeMPintoPDFobject=\count343
\everyMPtoPDFconversion=\toks40
) (/usr/local/texlive/2026/texmf-dist/tex/latex/epstopdf-pkg/epstopdf-base.sty
Package: epstopdf-base 2020-01-24 v2.11 Base part for package epstopdf
Package epstopdf-base Info: Redefining graphics rule for `.eps' on input line 4
85.

(/usr/local/texlive/2026/texmf-dist/tex/latex/latexconfig/epstopdf-sys.cfg
File: epstopdf-sys.cfg 2010/07/13 v1.3 Configuration of (r)epstopdf for TeX Liv
e
))
Package hyperref Info: Link coloring OFF on input line 26.

(./main.out) (./main.out)
\@outlinefile=\write4
\openout4 = `main.out'.


(/usr/local/texlive/2026/texmf-dist/tex/latex/pdflscape/pdflscape.sty
Package: pdflscape 2025-06-23 v0.14 Display of landscape pages in PDF

(/usr/local/texlive/2026/texmf-dist/tex/latex/pdflscape/pdflscape-nometadata.st
y
Package: pdflscape-nometadata 2025-06-23 v0.14 Display of landscape pages in PD
F (HO)
 (/usr/local/texlive/2026/texmf-dist/tex/latex/graphics/lscape.sty
Package: lscape 2020/05/28 v3.02 Landscape Pages (DPC)
)
Package pdflscape Info: Auto-detected driver: pdftex on input line 81.
))
*geometry* driver: auto-detecting
*geometry* detected driver: pdftex
*geometry* verbose mode - [ preamble ] result:
* driver: pdftex
* paper: a4paper
* layout: <same size as paper>
* layoutoffset:(h,v)=(0.0pt,0.0pt)
* modes: 
* h-part:(L,W,R)=(89.62709pt, 418.25368pt, 89.6271pt)
* v-part:(T,H,B)=(170.71652pt, 572.92368pt, 101.40665pt)
* \paperwidth=597.50787pt
* \paperheight=845.04684pt
* \textwidth=418.25368pt
* \textheight=572.92368pt
* \oddsidemargin=17.3571pt
* \evensidemargin=17.3571pt
* \topmargin=61.44653pt
* \headheight=12.0pt
* \headsep=25.0pt
* \topskip=10.0pt
* \footskip=30.0pt
* \marginparwidth=57.0pt
* \marginparsep=11.0pt
* \columnsep=10.0pt
* \skip\footins=9.0pt plus 4.0pt minus 2.0pt
* \hoffset=0.0pt
* \voffset=0.0pt
* \mag=1000
* \@twocolumnfalse
* \@twosidefalse
* \@mparswitchfalse
* \@reversemarginfalse
* (1in=72.27pt=25.4mm, 1cm=28.453pt)

Package caption Info: Begin \AtBeginDocument code.
Package caption Info: End \AtBeginDocument code.
<Background.jpg, id=79, 1419.3025pt x 1991.44pt>
File: Background.jpg Graphic file (type jpg)
<use Background.jpg>
Package pdftex.def Info: Background.jpg  used on input line 46.
(pdftex.def)             Requested size: 597.51068pt x 845.05937pt.
[1

{/usr/local/texlive/2026/texmf-var/fonts/map/pdftex/updmap/pdftex.map} <./Backg
round.jpg>]
*geometry* verbose mode - [ newgeometry ] result:
* driver: pdftex
* paper: a4paper
* layout: <same size as paper>
* layoutoffset:(h,v)=(0.0pt,0.0pt)
* modes: 
* h-part:(L,W,R)=(89.62709pt, 418.25368pt, 89.6271pt)
* v-part:(T,H,B)=(113.81102pt, 629.82918pt, 101.40665pt)
* \paperwidth=597.50787pt
* \paperheight=845.04684pt
* \textwidth=418.25368pt
* \textheight=629.82918pt
* \oddsidemargin=17.3571pt
* \evensidemargin=17.3571pt
* \topmargin=4.54103pt
* \headheight=12.0pt
* \headsep=25.0pt
* \topskip=10.0pt
* \footskip=30.0pt
* \marginparwidth=57.0pt
* \marginparsep=11.0pt
* \columnsep=10.0pt
* \skip\footins=9.0pt plus 4.0pt minus 2.0pt
* \hoffset=0.0pt
* \voffset=0.0pt
* \mag=1000
* \@twocolumnfalse
* \@twosidefalse
* \@mparswitchfalse
* \@reversemarginfalse
* (1in=72.27pt=25.4mm, 1cm=28.453pt)

 (./main.toc
LaTeX Font Info:    External font `cmex10' loaded for size
(Font)              <7> on input line 3.
LaTeX Font Info:    External font `cmex10' loaded for size
(Font)              <5> on input line 3.
)
\tf@toc=\write5
\openout5 = `main.toc'.

<Background 2.jpg, id=105, 597.9138pt x 845.559pt>
File: Background 2.jpg Graphic file (type jpg)
<use Background 2.jpg>
Package pdftex.def Info: Background 2.jpg  used on input line 52.
(pdftex.def)             Requested size: 597.53827pt x 845.09245pt.
 [2

 <./Background 2.jpg>]
File: Background 2.jpg Graphic file (type jpg)
<use Background 2.jpg>
Package pdftex.def Info: Background 2.jpg  used on input line 57.
(pdftex.def)             Requested size: 597.53827pt x 845.09245pt.
 [3]
<1 Course Description.pdf, id=116, 597.79335pt x 845.67947pt>
File: 1 Course Description.pdf Graphic file (type pdf)
<use 1 Course Description.pdf>
Package pdftex.def Info: 1 Course Description.pdf  used on input line 60.
(pdftex.def)             Requested size: 597.79189pt x 845.67741pt.
<1 Course Description.pdf, id=118, page=1, 597.79335pt x 845.67947pt>
File: 1 Course Description.pdf Graphic file (type pdf)
<use 1 Course Description.pdf, page 1>
Package pdftex.def Info: 1 Course Description.pdf , page1 used on input line 60
.
(pdftex.def)             Requested size: 597.79189pt x 845.67741pt.
File: 1 Course Description.pdf Graphic file (type pdf)
<use 1 Course Description.pdf, page 1>
Package pdftex.def Info: 1 Course Description.pdf , page1 used on input line 60
.
(pdftex.def)             Requested size: 597.81924pt x 845.71613pt.
File: 1 Course Description.pdf Graphic file (type pdf)
<use 1 Course Description.pdf, page 1>
Package pdftex.def Info: 1 Course Description.pdf , page1 used on input line 60
.
(pdftex.def)             Requested size: 597.81924pt x 845.71613pt.
File: 1 Course Description.pdf Graphic file (type pdf)
<use 1 Course Description.pdf, page 1>
Package pdftex.def Info: 1 Course Description.pdf , page1 used on input line 60
.
(pdftex.def)             Requested size: 597.81924pt x 845.71613pt.
File: 1 Course Description.pdf Graphic file (type pdf)
<use 1 Course Description.pdf, page 1>
Package pdftex.def Info: 1 Course Description.pdf , page1 used on input line 60
.
(pdftex.def)             Requested size: 597.81924pt x 845.71613pt.
 [4

 <./1 Course Description.pdf>]
<1 Course Description.pdf, id=140, page=2, 597.79335pt x 845.67947pt>
File: 1 Course Description.pdf Graphic file (type pdf)
<use 1 Course Description.pdf, page 2>
Package pdftex.def Info: 1 Course Description.pdf , page2 used on input line 60
.
(pdftex.def)             Requested size: 597.81924pt x 845.71613pt.
File: 1 Course Description.pdf Graphic file (type pdf)
<use 1 Course Description.pdf, page 2>
Package pdftex.def Info: 1 Course Description.pdf , page2 used on input line 60
.
(pdftex.def)             Requested size: 597.81924pt x 845.71613pt.
File: 1 Course Description.pdf Graphic file (type pdf)
<use 1 Course Description.pdf, page 2>
Package pdftex.def Info: 1 Course Description.pdf , page2 used on input line 60
.
(pdftex.def)             Requested size: 597.81924pt x 845.71613pt.
 [5

 <./1 Course Description.pdf>]
<1 Course Description.pdf, id=158, page=3, 597.79335pt x 845.67947pt>
File: 1 Course Description.pdf Graphic file (type pdf)
<use 1 Course Description.pdf, page 3>
Package pdftex.def Info: 1 Course Description.pdf , page3 used on input line 60
.
(pdftex.def)             Requested size: 597.81924pt x 845.71613pt.
File: 1 Course Description.pdf Graphic file (type pdf)
<use 1 Course Description.pdf, page 3>
Package pdftex.def Info: 1 Course Description.pdf , page3 used on input line 60
.
(pdftex.def)             Requested size: 597.81924pt x 845.71613pt.
File: 1 Course Description.pdf Graphic file (type pdf)
<use 1 Course Description.pdf, page 3>
Package pdftex.def Info: 1 Course Description.pdf , page3 used on input line 60
.
(pdftex.def)             Requested size: 597.81924pt x 845.71613pt.
 [6

 <./1 Course Description.pdf>]
<1 Course Description.pdf, id=189, page=4, 597.79335pt x 845.67947pt>
File: 1 Course Description.pdf Graphic file (type pdf)
<use 1 Course Description.pdf, page 4>
Package pdftex.def Info: 1 Course Description.pdf , page4 used on input line 60
.
(pdftex.def)             Requested size: 597.81924pt x 845.71613pt.
File: 1 Course Description.pdf Graphic file (type pdf)
<use 1 Course Description.pdf, page 4>
Package pdftex.def Info: 1 Course Description.pdf , page4 used on input line 60
.
(pdftex.def)             Requested size: 597.81924pt x 845.71613pt.
File: 1 Course Description.pdf Graphic file (type pdf)
<use 1 Course Description.pdf, page 4>
Package pdftex.def Info: 1 Course Description.pdf , page4 used on input line 60
.
(pdftex.def)             Requested size: 597.81924pt x 845.71613pt.

[7

 <./1 Course Description.pdf>]
<1 Course Description.pdf, id=196, page=5, 597.79335pt x 845.67947pt>
File: 1 Course Description.pdf Graphic file (type pdf)
<use 1 Course Description.pdf, page 5>
Package pdftex.def Info: 1 Course Description.pdf , page5 used on input line 60
.
(pdftex.def)             Requested size: 597.81924pt x 845.71613pt.
File: 1 Course Description.pdf Graphic file (type pdf)
<use 1 Course Description.pdf, page 5>
Package pdftex.def Info: 1 Course Description.pdf , page5 used on input line 60
.
(pdftex.def)             Requested size: 597.81924pt x 845.71613pt.
File: 1 Course Description.pdf Graphic file (type pdf)
<use 1 Course Description.pdf, page 5>
Package pdftex.def Info: 1 Course Description.pdf , page5 used on input line 60
.
(pdftex.def)             Requested size: 597.81924pt x 845.71613pt.
 [8

 <./1 Course Description.pdf>]
<1 Course Description.pdf, id=202, page=6, 597.79335pt x 845.67947pt>
File: 1 Course Description.pdf Graphic file (type pdf)
<use 1 Course Description.pdf, page 6>
Package pdftex.def Info: 1 Course Description.pdf , page6 used on input line 60
.
(pdftex.def)             Requested size: 597.81924pt x 845.71613pt.
File: 1 Course Description.pdf Graphic file (type pdf)
<use 1 Course Description.pdf, page 6>
Package pdftex.def Info: 1 Course Description.pdf , page6 used on input line 60
.
(pdftex.def)             Requested size: 597.81924pt x 845.71613pt.
File: 1 Course Description.pdf Graphic file (type pdf)
<use 1 Course Description.pdf, page 6>
Package pdftex.def Info: 1 Course Description.pdf , page6 used on input line 60
.
(pdftex.def)             Requested size: 597.81924pt x 845.71613pt.
 [9

 <./1 Course Description.pdf>]
File: Background 2.jpg Graphic file (type jpg)
<use Background 2.jpg>
Package pdftex.def Info: Background 2.jpg  used on input line 68.
(pdftex.def)             Requested size: 597.53827pt x 845.09245pt.
 [10]
File: Background 2.jpg Graphic file (type jpg)
<use Background 2.jpg>
Package pdftex.def Info: Background 2.jpg  used on input line 105.
(pdftex.def)             Requested size: 597.53827pt x 845.09245pt.
 [11]
<2.1 Daily Journals.pdf, id=219, 614.295pt x 794.97pt>
File: 2.1 Daily Journals.pdf Graphic file (type pdf)
<use 2.1 Daily Journals.pdf>
Package pdftex.def Info: 2.1 Daily Journals.pdf  used on input line 108.
(pdftex.def)             Requested size: 614.29349pt x 794.96806pt.
<2.1 Daily Journals.pdf, id=221, page=1, 614.295pt x 794.97pt>
File: 2.1 Daily Journals.pdf Graphic file (type pdf)
<use 2.1 Daily Journals.pdf, page 1>
Package pdftex.def Info: 2.1 Daily Journals.pdf , page1 used on input line 108.

(pdftex.def)             Requested size: 614.29349pt x 794.96806pt.
File: 2.1 Daily Journals.pdf Graphic file (type pdf)
<use 2.1 Daily Journals.pdf, page 1>
Package pdftex.def Info: 2.1 Daily Journals.pdf , page1 used on input line 108.

(pdftex.def)             Requested size: 597.78697pt x 773.60669pt.
File: 2.1 Daily Journals.pdf Graphic file (type pdf)
<use 2.1 Daily Journals.pdf, page 1>
Package pdftex.def Info: 2.1 Daily Journals.pdf , page1 used on input line 108.

(pdftex.def)             Requested size: 597.78697pt x 773.60669pt.
File: 2.1 Daily Journals.pdf Graphic file (type pdf)
<use 2.1 Daily Journals.pdf, page 1>
Package pdftex.def Info: 2.1 Daily Journals.pdf , page1 used on input line 108.

(pdftex.def)             Requested size: 597.78697pt x 773.60669pt.
File: 2.1 Daily Journals.pdf Graphic file (type pdf)
<use 2.1 Daily Journals.pdf, page 1>
Package pdftex.def Info: 2.1 Daily Journals.pdf , page1 used on input line 108.

(pdftex.def)             Requested size: 597.78697pt x 773.60669pt.
 [12

 <./2.1 Daily Journals.pdf>]
<2.1 Daily Journals.pdf, id=254, page=2, 614.295pt x 794.97pt>
File: 2.1 Daily Journals.pdf Graphic file (type pdf)
<use 2.1 Daily Journals.pdf, page 2>
Package pdftex.def Info: 2.1 Daily Journals.pdf , page2 used on input line 108.

(pdftex.def)             Requested size: 597.78697pt x 773.60669pt.
File: 2.1 Daily Journals.pdf Graphic file (type pdf)
<use 2.1 Daily Journals.pdf, page 2>
Package pdftex.def Info: 2.1 Daily Journals.pdf , page2 used on input line 108.

(pdftex.def)             Requested size: 597.78697pt x 773.60669pt.
File: 2.1 Daily Journals.pdf Graphic file (type pdf)
<use 2.1 Daily Journals.pdf, page 2>
Package pdftex.def Info: 2.1 Daily Journals.pdf , page2 used on input line 108.

(pdftex.def)             Requested size: 597.78697pt x 773.60669pt.
 [13

 <./2.1 Daily Journals.pdf>]
<2.1 Daily Journals.pdf, id=265, page=3, 614.295pt x 794.97pt>
File: 2.1 Daily Journals.pdf Graphic file (type pdf)
<use 2.1 Daily Journals.pdf, page 3>
Package pdftex.def Info: 2.1 Daily Journals.pdf , page3 used on input line 108.

(pdftex.def)             Requested size: 597.78697pt x 773.60669pt.
File: 2.1 Daily Journals.pdf Graphic file (type pdf)
<use 2.1 Daily Journals.pdf, page 3>
Package pdftex.def Info: 2.1 Daily Journals.pdf , page3 used on input line 108.

(pdftex.def)             Requested size: 597.78697pt x 773.60669pt.
File: 2.1 Daily Journals.pdf Graphic file (type pdf)
<use 2.1 Daily Journals.pdf, page 3>
Package pdftex.def Info: 2.1 Daily Journals.pdf , page3 used on input line 108.

(pdftex.def)             Requested size: 597.78697pt x 773.60669pt.
 [14

 <./2.1 Daily Journals.pdf>]
<2.1 Daily Journals.pdf, id=270, page=4, 614.295pt x 794.97pt>
File: 2.1 Daily Journals.pdf Graphic file (type pdf)
<use 2.1 Daily Journals.pdf, page 4>
Package pdftex.def Info: 2.1 Daily Journals.pdf , page4 used on input line 108.

(pdftex.def)             Requested size: 597.78697pt x 773.60669pt.
File: 2.1 Daily Journals.pdf Graphic file (type pdf)
<use 2.1 Daily Journals.pdf, page 4>
Package pdftex.def Info: 2.1 Daily Journals.pdf , page4 used on input line 108.

(pdftex.def)             Requested size: 597.78697pt x 773.60669pt.
File: 2.1 Daily Journals.pdf Graphic file (type pdf)
<use 2.1 Daily Journals.pdf, page 4>
Package pdftex.def Info: 2.1 Daily Journals.pdf , page4 used on input line 108.

(pdftex.def)             Requested size: 597.78697pt x 773.60669pt.
 [15

 <./2.1 Daily Journals.pdf>]
<2.1 Daily Journals.pdf, id=275, page=5, 614.295pt x 794.97pt>
File: 2.1 Daily Journals.pdf Graphic file (type pdf)
<use 2.1 Daily Journals.pdf, page 5>
Package pdftex.def Info: 2.1 Daily Journals.pdf , page5 used on input line 108.

(pdftex.def)             Requested size: 597.78697pt x 773.60669pt.
File: 2.1 Daily Journals.pdf Graphic file (type pdf)
<use 2.1 Daily Journals.pdf, page 5>
Package pdftex.def Info: 2.1 Daily Journals.pdf , page5 used on input line 108.

(pdftex.def)             Requested size: 597.78697pt x 773.60669pt.
File: 2.1 Daily Journals.pdf Graphic file (type pdf)
<use 2.1 Daily Journals.pdf, page 5>
Package pdftex.def Info: 2.1 Daily Journals.pdf , page5 used on input line 108.

(pdftex.def)             Requested size: 597.78697pt x 773.60669pt.

[16

 <./2.1 Daily Journals.pdf>]
<2.1 Daily Journals.pdf, id=280, page=6, 614.295pt x 794.97pt>
File: 2.1 Daily Journals.pdf Graphic file (type pdf)
<use 2.1 Daily Journals.pdf, page 6>
Package pdftex.def Info: 2.1 Daily Journals.pdf , page6 used on input line 108.

(pdftex.def)             Requested size: 597.78697pt x 773.60669pt.
File: 2.1 Daily Journals.pdf Graphic file (type pdf)
<use 2.1 Daily Journals.pdf, page 6>
Package pdftex.def Info: 2.1 Daily Journals.pdf , page6 used on input line 108.

(pdftex.def)             Requested size: 597.78697pt x 773.60669pt.
File: 2.1 Daily Journals.pdf Graphic file (type pdf)
<use 2.1 Daily Journals.pdf, page 6>
Package pdftex.def Info: 2.1 Daily Journals.pdf , page6 used on input line 108.

(pdftex.def)             Requested size: 597.78697pt x 773.60669pt.
 [17

 <./2.1 Daily Journals.pdf>]
<2.1 Daily Journals.pdf, id=285, page=7, 614.295pt x 794.97pt>
File: 2.1 Daily Journals.pdf Graphic file (type pdf)
<use 2.1 Daily Journals.pdf, page 7>
Package pdftex.def Info: 2.1 Daily Journals.pdf , page7 used on input line 108.

(pdftex.def)             Requested size: 597.78697pt x 773.60669pt.
File: 2.1 Daily Journals.pdf Graphic file (type pdf)
<use 2.1 Daily Journals.pdf, page 7>
Package pdftex.def Info: 2.1 Daily Journals.pdf , page7 used on input line 108.

(pdftex.def)             Requested size: 597.78697pt x 773.60669pt.
File: 2.1 Daily Journals.pdf Graphic file (type pdf)
<use 2.1 Daily Journals.pdf, page 7>
Package pdftex.def Info: 2.1 Daily Journals.pdf , page7 used on input line 108.

(pdftex.def)             Requested size: 597.78697pt x 773.60669pt.
 [18

 <./2.1 Daily Journals.pdf>]
<2.1 Daily Journals.pdf, id=290, page=8, 614.295pt x 794.97pt>
File: 2.1 Daily Journals.pdf Graphic file (type pdf)
<use 2.1 Daily Journals.pdf, page 8>
Package pdftex.def Info: 2.1 Daily Journals.pdf , page8 used on input line 108.

(pdftex.def)             Requested size: 597.78697pt x 773.60669pt.
File: 2.1 Daily Journals.pdf Graphic file (type pdf)
<use 2.1 Daily Journals.pdf, page 8>
Package pdftex.def Info: 2.1 Daily Journals.pdf , page8 used on input line 108.

(pdftex.def)             Requested size: 597.78697pt x 773.60669pt.
File: 2.1 Daily Journals.pdf Graphic file (type pdf)
<use 2.1 Daily Journals.pdf, page 8>
Package pdftex.def Info: 2.1 Daily Journals.pdf , page8 used on input line 108.

(pdftex.def)             Requested size: 597.78697pt x 773.60669pt.
 [19

 <./2.1 Daily Journals.pdf>]
<2.1 Daily Journals.pdf, id=296, page=9, 614.295pt x 794.97pt>
File: 2.1 Daily Journals.pdf Graphic file (type pdf)
<use 2.1 Daily Journals.pdf, page 9>
Package pdftex.def Info: 2.1 Daily Journals.pdf , page9 used on input line 108.

(pdftex.def)             Requested size: 597.78697pt x 773.60669pt.
File: 2.1 Daily Journals.pdf Graphic file (type pdf)
<use 2.1 Daily Journals.pdf, page 9>
Package pdftex.def Info: 2.1 Daily Journals.pdf , page9 used on input line 108.

(pdftex.def)             Requested size: 597.78697pt x 773.60669pt.
File: 2.1 Daily Journals.pdf Graphic file (type pdf)
<use 2.1 Daily Journals.pdf, page 9>
Package pdftex.def Info: 2.1 Daily Journals.pdf , page9 used on input line 108.

(pdftex.def)             Requested size: 597.78697pt x 773.60669pt.
 [20

 <./2.1 Daily Journals.pdf>]
<2.1 Daily Journals.pdf, id=301, page=10, 614.295pt x 794.97pt>
File: 2.1 Daily Journals.pdf Graphic file (type pdf)
<use 2.1 Daily Journals.pdf, page 10>
Package pdftex.def Info: 2.1 Daily Journals.pdf , page10 used on input line 108
.
(pdftex.def)             Requested size: 597.78697pt x 773.60669pt.
File: 2.1 Daily Journals.pdf Graphic file (type pdf)
<use 2.1 Daily Journals.pdf, page 10>
Package pdftex.def Info: 2.1 Daily Journals.pdf , page10 used on input line 108
.
(pdftex.def)             Requested size: 597.78697pt x 773.60669pt.
File: 2.1 Daily Journals.pdf Graphic file (type pdf)
<use 2.1 Daily Journals.pdf, page 10>
Package pdftex.def Info: 2.1 Daily Journals.pdf , page10 used on input line 108
.
(pdftex.def)             Requested size: 597.78697pt x 773.60669pt.
 [21

 <./2.1 Daily Journals.pdf>]
<2.1 Daily Journals.pdf, id=306, page=11, 614.295pt x 794.97pt>
File: 2.1 Daily Journals.pdf Graphic file (type pdf)
<use 2.1 Daily Journals.pdf, page 11>
Package pdftex.def Info: 2.1 Daily Journals.pdf , page11 used on input line 108
.
(pdftex.def)             Requested size: 597.78697pt x 773.60669pt.
File: 2.1 Daily Journals.pdf Graphic file (type pdf)
<use 2.1 Daily Journals.pdf, page 11>
Package pdftex.def Info: 2.1 Daily Journals.pdf , page11 used on input line 108
.
(pdftex.def)             Requested size: 597.78697pt x 773.60669pt.
File: 2.1 Daily Journals.pdf Graphic file (type pdf)
<use 2.1 Daily Journals.pdf, page 11>
Package pdftex.def Info: 2.1 Daily Journals.pdf , page11 used on input line 108
.
(pdftex.def)             Requested size: 597.78697pt x 773.60669pt.
 [22

 <./2.1 Daily Journals.pdf>]
<2.1 Daily Journals.pdf, id=311, page=12, 614.295pt x 794.97pt>
File: 2.1 Daily Journals.pdf Graphic file (type pdf)
<use 2.1 Daily Journals.pdf, page 12>
Package pdftex.def Info: 2.1 Daily Journals.pdf , page12 used on input line 108
.
(pdftex.def)             Requested size: 597.78697pt x 773.60669pt.
File: 2.1 Daily Journals.pdf Graphic file (type pdf)
<use 2.1 Daily Journals.pdf, page 12>
Package pdftex.def Info: 2.1 Daily Journals.pdf , page12 used on input line 108
.
(pdftex.def)             Requested size: 597.78697pt x 773.60669pt.
File: 2.1 Daily Journals.pdf Graphic file (type pdf)
<use 2.1 Daily Journals.pdf, page 12>
Package pdftex.def Info: 2.1 Daily Journals.pdf , page12 used on input line 108
.
(pdftex.def)             Requested size: 597.78697pt x 773.60669pt.
 [23

 <./2.1 Daily Journals.pdf>]
<2.1 Daily Journals.pdf, id=316, page=13, 614.295pt x 794.97pt>
File: 2.1 Daily Journals.pdf Graphic file (type pdf)
<use 2.1 Daily Journals.pdf, page 13>
Package pdftex.def Info: 2.1 Daily Journals.pdf , page13 used on input line 108
.
(pdftex.def)             Requested size: 597.78697pt x 773.60669pt.
File: 2.1 Daily Journals.pdf Graphic file (type pdf)
<use 2.1 Daily Journals.pdf, page 13>
Package pdftex.def Info: 2.1 Daily Journals.pdf , page13 used on input line 108
.
(pdftex.def)             Requested size: 597.78697pt x 773.60669pt.
File: 2.1 Daily Journals.pdf Graphic file (type pdf)
<use 2.1 Daily Journals.pdf, page 13>
Package pdftex.def Info: 2.1 Daily Journals.pdf , page13 used on input line 108
.
(pdftex.def)             Requested size: 597.78697pt x 773.60669pt.
 [24

 <./2.1 Daily Journals.pdf>]
<2.1 Daily Journals.pdf, id=322, page=14, 614.295pt x 794.97pt>
File: 2.1 Daily Journals.pdf Graphic file (type pdf)
<use 2.1 Daily Journals.pdf, page 14>
Package pdftex.def Info: 2.1 Daily Journals.pdf , page14 used on input line 108
.
(pdftex.def)             Requested size: 597.78697pt x 773.60669pt.
File: 2.1 Daily Journals.pdf Graphic file (type pdf)
<use 2.1 Daily Journals.pdf, page 14>
Package pdftex.def Info: 2.1 Daily Journals.pdf , page14 used on input line 108
.
(pdftex.def)             Requested size: 597.78697pt x 773.60669pt.
File: 2.1 Daily Journals.pdf Graphic file (type pdf)
<use 2.1 Daily Journals.pdf, page 14>
Package pdftex.def Info: 2.1 Daily Journals.pdf , page14 used on input line 108
.
(pdftex.def)             Requested size: 597.78697pt x 773.60669pt.
 [25

 <./2.1 Daily Journals.pdf>]
<2.1 Daily Journals.pdf, id=328, page=15, 614.295pt x 794.97pt>
File: 2.1 Daily Journals.pdf Graphic file (type pdf)
<use 2.1 Daily Journals.pdf, page 15>
Package pdftex.def Info: 2.1 Daily Journals.pdf , page15 used on input line 108
.
(pdftex.def)             Requested size: 597.78697pt x 773.60669pt.
File: 2.1 Daily Journals.pdf Graphic file (type pdf)
<use 2.1 Daily Journals.pdf, page 15>
Package pdftex.def Info: 2.1 Daily Journals.pdf , page15 used on input line 108
.
(pdftex.def)             Requested size: 597.78697pt x 773.60669pt.
File: 2.1 Daily Journals.pdf Graphic file (type pdf)
<use 2.1 Daily Journals.pdf, page 15>
Package pdftex.def Info: 2.1 Daily Journals.pdf , page15 used on input line 108
.
(pdftex.def)             Requested size: 597.78697pt x 773.60669pt.
 [26

 <./2.1 Daily Journals.pdf>]
<2.1 Daily Journals.pdf, id=333, page=16, 614.295pt x 794.97pt>
File: 2.1 Daily Journals.pdf Graphic file (type pdf)
<use 2.1 Daily Journals.pdf, page 16>
Package pdftex.def Info: 2.1 Daily Journals.pdf , page16 used on input line 108
.
(pdftex.def)             Requested size: 597.78697pt x 773.60669pt.
File: 2.1 Daily Journals.pdf Graphic file (type pdf)
<use 2.1 Daily Journals.pdf, page 16>
Package pdftex.def Info: 2.1 Daily Journals.pdf , page16 used on input line 108
.
(pdftex.def)             Requested size: 597.78697pt x 773.60669pt.
File: 2.1 Daily Journals.pdf Graphic file (type pdf)
<use 2.1 Daily Journals.pdf, page 16>
Package pdftex.def Info: 2.1 Daily Journals.pdf , page16 used on input line 108
.
(pdftex.def)             Requested size: 597.78697pt x 773.60669pt.
 [27

 <./2.1 Daily Journals.pdf>]
<2.1 Daily Journals.pdf, id=338, page=17, 614.295pt x 794.97pt>
File: 2.1 Daily Journals.pdf Graphic file (type pdf)
<use 2.1 Daily Journals.pdf, page 17>
Package pdftex.def Info: 2.1 Daily Journals.pdf , page17 used on input line 108
.
(pdftex.def)             Requested size: 597.78697pt x 773.60669pt.
File: 2.1 Daily Journals.pdf Graphic file (type pdf)
<use 2.1 Daily Journals.pdf, page 17>
Package pdftex.def Info: 2.1 Daily Journals.pdf , page17 used on input line 108
.
(pdftex.def)             Requested size: 597.78697pt x 773.60669pt.
File: 2.1 Daily Journals.pdf Graphic file (type pdf)
<use 2.1 Daily Journals.pdf, page 17>
Package pdftex.def Info: 2.1 Daily Journals.pdf , page17 used on input line 108
.
(pdftex.def)             Requested size: 597.78697pt x 773.60669pt.
 [28

 <./2.1 Daily Journals.pdf>]
Underfull \hbox (badness 10000) in paragraph at lines 115--116

 []


Underfull \hbox (badness 10000) in paragraph at lines 117--118

 []

File: Background 2.jpg Graphic file (type jpg)
<use Background 2.jpg>
Package pdftex.def Info: Background 2.jpg  used on input line 121.
(pdftex.def)             Requested size: 597.53827pt x 845.09245pt.
[29]
<2.2 Future of BS Applied Physics.png, id=347, 1055.44313pt x 307.90031pt>
File: 2.2 Future of BS Applied Physics.png Graphic file (type png)
<use 2.2 Future of BS Applied Physics.png>
Package pdftex.def Info: 2.2 Future of BS Applied Physics.png  used on input li
ne 124.
(pdftex.def)             Requested size: 418.25368pt x 122.01158pt.
<2.3 Personal Professional Plan.png, id=349, 754.31813pt x 450.9347pt>
File: 2.3 Personal Professional Plan.png Graphic file (type png)
<use 2.3 Personal Professional Plan.png>
Package pdftex.def Info: 2.3 Personal Professional Plan.png  used on input line
 127.
(pdftex.def)             Requested size: 418.25368pt x 250.03088pt.
File: Background 2.jpg Graphic file (type jpg)
<use Background 2.jpg>
Package pdftex.def Info: Background 2.jpg  used on input line 129.
(pdftex.def)             Requested size: 597.53827pt x 845.09245pt.
 [30 <./2.2 Future of BS Applied Physics.png> <./2.3 Personal Professional Plan
.png>]
File: Background 2.jpg Graphic file (type jpg)
<use Background 2.jpg>
Package pdftex.def Info: Background 2.jpg  used on input line 133.
(pdftex.def)             Requested size: 597.53827pt x 845.09245pt.
 [31]
File: Background 2.jpg Graphic file (type jpg)
<use Background 2.jpg>
Package pdftex.def Info: Background 2.jpg  used on input line 141.
(pdftex.def)             Requested size: 597.53827pt x 845.09245pt.
 [32]
<3.2 Acceptance Letter.pdf, id=365, 597.6729pt x 844.83629pt>
File: 3.2 Acceptance Letter.pdf Graphic file (type pdf)
<use 3.2 Acceptance Letter.pdf>
Package pdftex.def Info: 3.2 Acceptance Letter.pdf  used on input line 143.
(pdftex.def)             Requested size: 597.67143pt x 844.83423pt.
<3.2 Acceptance Letter.pdf, id=367, page=1, 597.6729pt x 844.83629pt>
File: 3.2 Acceptance Letter.pdf Graphic file (type pdf)
<use 3.2 Acceptance Letter.pdf, page 1>
Package pdftex.def Info: 3.2 Acceptance Letter.pdf , page1 used on input line 1
43.
(pdftex.def)             Requested size: 597.67143pt x 844.83423pt.
File: 3.2 Acceptance Letter.pdf Graphic file (type pdf)
<use 3.2 Acceptance Letter.pdf, page 1>
Package pdftex.def Info: 3.2 Acceptance Letter.pdf , page1 used on input line 1
43.
(pdftex.def)             Requested size: 598.173pt x 845.54323pt.
File: 3.2 Acceptance Letter.pdf Graphic file (type pdf)
<use 3.2 Acceptance Letter.pdf, page 1>
Package pdftex.def Info: 3.2 Acceptance Letter.pdf , page1 used on input line 1
43.
(pdftex.def)             Requested size: 598.173pt x 845.54323pt.
File: 3.2 Acceptance Letter.pdf Graphic file (type pdf)
<use 3.2 Acceptance Letter.pdf, page 1>
Package pdftex.def Info: 3.2 Acceptance Letter.pdf , page1 used on input line 1
43.
(pdftex.def)             Requested size: 598.173pt x 845.54323pt.
File: 3.2 Acceptance Letter.pdf Graphic file (type pdf)
<use 3.2 Acceptance Letter.pdf, page 1>
Package pdftex.def Info: 3.2 Acceptance Letter.pdf , page1 used on input line 1
43.
(pdftex.def)             Requested size: 598.173pt x 845.54323pt.
 [33

 <./3.2 Acceptance Letter.pdf>]
File: Background 2.jpg Graphic file (type jpg)
<use Background 2.jpg>
Package pdftex.def Info: Background 2.jpg  used on input line 149.
(pdftex.def)             Requested size: 597.53827pt x 845.09245pt.
 [34]
<3.3 Proposed Training and Design Schedule.pdf, id=405, 597.55246pt x 845.07718
pt>
File: 3.3 Proposed Training and Design Schedule.pdf Graphic file (type pdf)
<use 3.3 Proposed Training and Design Schedule.pdf>
Package pdftex.def Info: 3.3 Proposed Training and Design Schedule.pdf  used on
 input line 151.
(pdftex.def)             Requested size: 597.551pt x 845.07512pt.
<3.3 Proposed Training and Design Schedule.pdf, id=407, page=1, 597.55246pt x 8
45.07718pt>
File: 3.3 Proposed Training and Design Schedule.pdf Graphic file (type pdf)
<use 3.3 Proposed Training and Design Schedule.pdf, page 1>
Package pdftex.def Info: 3.3 Proposed Training and Design Schedule.pdf , page1 
used on input line 151.
(pdftex.def)             Requested size: 597.551pt x 845.07512pt.
File: 3.3 Proposed Training and Design Schedule.pdf Graphic file (type pdf)
<use 3.3 Proposed Training and Design Schedule.pdf, page 1>
Package pdftex.def Info: 3.3 Proposed Training and Design Schedule.pdf , page1 
used on input line 151.
(pdftex.def)             Requested size: 597.57834pt x 845.1138pt.
File: 3.3 Proposed Training and Design Schedule.pdf Graphic file (type pdf)
<use 3.3 Proposed Training and Design Schedule.pdf, page 1>
Package pdftex.def Info: 3.3 Proposed Training and Design Schedule.pdf , page1 
used on input line 151.
(pdftex.def)             Requested size: 597.57834pt x 845.1138pt.
File: 3.3 Proposed Training and Design Schedule.pdf Graphic file (type pdf)
<use 3.3 Proposed Training and Design Schedule.pdf, page 1>
Package pdftex.def Info: 3.3 Proposed Training and Design Schedule.pdf , page1 
used on input line 151.
(pdftex.def)             Requested size: 597.57834pt x 845.1138pt.
File: 3.3 Proposed Training and Design Schedule.pdf Graphic file (type pdf)
<use 3.3 Proposed Training and Design Schedule.pdf, page 1>
Package pdftex.def Info: 3.3 Proposed Training and Design Schedule.pdf , page1 
used on input line 151.
(pdftex.def)             Requested size: 597.57834pt x 845.1138pt.
 [35

 <./3.3 Proposed Training and Design Schedule.pdf>]
<3.3 Proposed Training and Design Schedule.pdf, id=428, page=2, 597.55246pt x 8
45.07718pt>
File: 3.3 Proposed Training and Design Schedule.pdf Graphic file (type pdf)
<use 3.3 Proposed Training and Design Schedule.pdf, page 2>
Package pdftex.def Info: 3.3 Proposed Training and Design Schedule.pdf , page2 
used on input line 151.
(pdftex.def)             Requested size: 597.57834pt x 845.1138pt.
File: 3.3 Proposed Training and Design Schedule.pdf Graphic file (type pdf)
<use 3.3 Proposed Training and Design Schedule.pdf, page 2>
Package pdftex.def Info: 3.3 Proposed Training and Design Schedule.pdf , page2 
used on input line 151.
(pdftex.def)             Requested size: 597.57834pt x 845.1138pt.
File: 3.3 Proposed Training and Design Schedule.pdf Graphic file (type pdf)
<use 3.3 Proposed Training and Design Schedule.pdf, page 2>
Package pdftex.def Info: 3.3 Proposed Training and Design Schedule.pdf , page2 
used on input line 151.
(pdftex.def)             Requested size: 597.57834pt x 845.1138pt.
 [36

 <./3.3 Proposed Training and Design Schedule.pdf>]
<3.3 Proposed Training and Design Schedule.pdf, id=448, page=3, 597.55246pt x 8
45.07718pt>
File: 3.3 Proposed Training and Design Schedule.pdf Graphic file (type pdf)
<use 3.3 Proposed Training and Design Schedule.pdf, page 3>
Package pdftex.def Info: 3.3 Proposed Training and Design Schedule.pdf , page3 
used on input line 151.
(pdftex.def)             Requested size: 597.57834pt x 845.1138pt.
File: 3.3 Proposed Training and Design Schedule.pdf Graphic file (type pdf)
<use 3.3 Proposed Training and Design Schedule.pdf, page 3>
Package pdftex.def Info: 3.3 Proposed Training and Design Schedule.pdf , page3 
used on input line 151.
(pdftex.def)             Requested size: 597.57834pt x 845.1138pt.
File: 3.3 Proposed Training and Design Schedule.pdf Graphic file (type pdf)
<use 3.3 Proposed Training and Design Schedule.pdf, page 3>
Package pdftex.def Info: 3.3 Proposed Training and Design Schedule.pdf , page3 
used on input line 151.
(pdftex.def)             Requested size: 597.57834pt x 845.1138pt.
 [37

 <./3.3 Proposed Training and Design Schedule.pdf>]
<3.3 Proposed Training and Design Schedule.pdf, id=455, page=4, 597.55246pt x 8
45.07718pt>
File: 3.3 Proposed Training and Design Schedule.pdf Graphic file (type pdf)
<use 3.3 Proposed Training and Design Schedule.pdf, page 4>
Package pdftex.def Info: 3.3 Proposed Training and Design Schedule.pdf , page4 
used on input line 151.
(pdftex.def)             Requested size: 597.57834pt x 845.1138pt.
File: 3.3 Proposed Training and Design Schedule.pdf Graphic file (type pdf)
<use 3.3 Proposed Training and Design Schedule.pdf, page 4>
Package pdftex.def Info: 3.3 Proposed Training and Design Schedule.pdf , page4 
used on input line 151.
(pdftex.def)             Requested size: 597.57834pt x 845.1138pt.
File: 3.3 Proposed Training and Design Schedule.pdf Graphic file (type pdf)
<use 3.3 Proposed Training and Design Schedule.pdf, page 4>
Package pdftex.def Info: 3.3 Proposed Training and Design Schedule.pdf , page4 
used on input line 151.
(pdftex.def)             Requested size: 597.57834pt x 845.1138pt.
 [38

 <./3.3 Proposed Training and Design Schedule.pdf>]
File: Background 2.jpg Graphic file (type jpg)
<use Background 2.jpg>
Package pdftex.def Info: Background 2.jpg  used on input line 158.
(pdftex.def)             Requested size: 597.53827pt x 845.09245pt.
 [39]
<3.4 Supervisor's Evaluation.pdf, id=466, 608.5134pt x 789.18839pt>
File: 3.4 Supervisor's Evaluation.pdf Graphic file (type pdf)
<use 3.4 Supervisor's Evaluation.pdf>
Package pdftex.def Info: 3.4 Supervisor's Evaluation.pdf  used on input line 16
0.
(pdftex.def)             Requested size: 608.51192pt x 789.18645pt.
<3.4 Supervisor's Evaluation.pdf, id=468, page=1, 608.5134pt x 789.18839pt>
File: 3.4 Supervisor's Evaluation.pdf Graphic file (type pdf)
<use 3.4 Supervisor's Evaluation.pdf, page 1>
Package pdftex.def Info: 3.4 Supervisor's Evaluation.pdf , page1 used on input 
line 160.
(pdftex.def)             Requested size: 608.51192pt x 789.18645pt.
File: 3.4 Supervisor's Evaluation.pdf Graphic file (type pdf)
<use 3.4 Supervisor's Evaluation.pdf, page 1>
Package pdftex.def Info: 3.4 Supervisor's Evaluation.pdf , page1 used on input 
line 160.
(pdftex.def)             Requested size: 598.0104pt x 775.56691pt.
File: 3.4 Supervisor's Evaluation.pdf Graphic file (type pdf)
<use 3.4 Supervisor's Evaluation.pdf, page 1>
Package pdftex.def Info: 3.4 Supervisor's Evaluation.pdf , page1 used on input 
line 160.
(pdftex.def)             Requested size: 598.0104pt x 775.56691pt.
File: 3.4 Supervisor's Evaluation.pdf Graphic file (type pdf)
<use 3.4 Supervisor's Evaluation.pdf, page 1>
Package pdftex.def Info: 3.4 Supervisor's Evaluation.pdf , page1 used on input 
line 160.
(pdftex.def)             Requested size: 598.0104pt x 775.56691pt.
File: 3.4 Supervisor's Evaluation.pdf Graphic file (type pdf)
<use 3.4 Supervisor's Evaluation.pdf, page 1>
Package pdftex.def Info: 3.4 Supervisor's Evaluation.pdf , page1 used on input 
line 160.
(pdftex.def)             Requested size: 598.0104pt x 775.56691pt.
 [40

 <./3.4 Supervisor's Evaluation.pdf>]
<3.4 Supervisor's Evaluation.pdf, id=475, page=2, 608.5134pt x 789.18839pt>
File: 3.4 Supervisor's Evaluation.pdf Graphic file (type pdf)
<use 3.4 Supervisor's Evaluation.pdf, page 2>
Package pdftex.def Info: 3.4 Supervisor's Evaluation.pdf , page2 used on input 
line 160.
(pdftex.def)             Requested size: 598.0104pt x 775.56691pt.
File: 3.4 Supervisor's Evaluation.pdf Graphic file (type pdf)
<use 3.4 Supervisor's Evaluation.pdf, page 2>
Package pdftex.def Info: 3.4 Supervisor's Evaluation.pdf , page2 used on input 
line 160.
(pdftex.def)             Requested size: 598.0104pt x 775.56691pt.
File: 3.4 Supervisor's Evaluation.pdf Graphic file (type pdf)
<use 3.4 Supervisor's Evaluation.pdf, page 2>
Package pdftex.def Info: 3.4 Supervisor's Evaluation.pdf , page2 used on input 
line 160.
(pdftex.def)             Requested size: 598.0104pt x 775.56691pt.
 [41

 <./3.4 Supervisor's Evaluation.pdf>]
<Images/IMG_4442.png, id=481, 4914.36pt x 3685.77pt>
File: Images/IMG_4442.png Graphic file (type png)
<use Images/IMG_4442.png>
Package pdftex.def Info: Images/IMG_4442.png  used on input line 168.
(pdftex.def)             Requested size: 167.3021pt x 125.47198pt.
<Images/IMG_4443.png, id=482, 3035.34pt x 2276.505pt>
File: Images/IMG_4443.png Graphic file (type png)
<use Images/IMG_4443.png>
Package pdftex.def Info: Images/IMG_4443.png  used on input line 174.
(pdftex.def)             Requested size: 167.3021pt x 125.46869pt.
<Images/IMG_5042.png, id=483, 5733.42pt x 4300.065pt>
File: Images/IMG_5042.png Graphic file (type png)
<use Images/IMG_5042.png>
Package pdftex.def Info: Images/IMG_5042.png  used on input line 180.
(pdftex.def)             Requested size: 167.3021pt x 125.45325pt.
<Images/IMG_5037.png, id=484, 5733.42pt x 4300.065pt>
File: Images/IMG_5037.png Graphic file (type png)
<use Images/IMG_5037.png>
Package pdftex.def Info: Images/IMG_5037.png  used on input line 186.
(pdftex.def)             Requested size: 167.3021pt x 125.45325pt.

Underfull \hbox (badness 10000) in paragraph at lines 166--192
[][][]
 []


Underfull \hbox (badness 10000) in paragraph at lines 166--192
[][]
 []

File: Background 2.jpg Graphic file (type jpg)
<use Background 2.jpg>
Package pdftex.def Info: Background 2.jpg  used on input line 193.
(pdftex.def)             Requested size: 597.53827pt x 845.09245pt.
[42 <./Images/IMG_4442.png> <./Images/IMG_4443.png> <./Images/IMG_5042.png> <./
Images/IMG_5037.png>] (./3.5 References.tex
Underfull \hbox (badness 10000) in paragraph at lines 1--2

 []


Underfull \hbox (badness 10000) in paragraph at lines 11--12

 []


Overfull \hbox (3.91396pt too wide) in paragraph at lines 32--33
\OT1/cmr/m/it/10 Rihaczek rep-re-sen-ta-tion\OT1/cmr/m/n/10 . \OT1/cmr/m/it/10 
Phys-i-cal Re-view A\OT1/cmr/m/n/10 , \OT1/cmr/m/it/10 67\OT1/cmr/m/n/10 (5). [
]$\OT1/cmtt/m/n/10 https : / / doi . org / 10 . 1103 / PhysRevA .
 []

File: Background 2.jpg Graphic file (type jpg)
<use Background 2.jpg>
Package pdftex.def Info: Background 2.jpg  used on input line 37.
(pdftex.def)             Requested size: 597.53827pt x 845.09245pt.
[43])
File: Background 2.jpg Graphic file (type jpg)
<use Background 2.jpg>
Package pdftex.def Info: Background 2.jpg  used on input line 202.
(pdftex.def)             Requested size: 597.53827pt x 845.09245pt.
 [44]
File: Background 2.jpg Graphic file (type jpg)
<use Background 2.jpg>
Package pdftex.def Info: Background 2.jpg  used on input line 211.
(pdftex.def)             Requested size: 597.53827pt x 845.09245pt.
 [45]
<3.7 Resume.pdf, id=574, 597.50786pt x 845.04686pt>
File: 3.7 Resume.pdf Graphic file (type pdf)
<use 3.7 Resume.pdf>
Package pdftex.def Info: 3.7 Resume.pdf  used on input line 214.
(pdftex.def)             Requested size: 597.5064pt x 845.0448pt.
<3.7 Resume.pdf, id=576, page=1, 597.50786pt x 845.04686pt>
File: 3.7 Resume.pdf Graphic file (type pdf)
<use 3.7 Resume.pdf, page 1>
Package pdftex.def Info: 3.7 Resume.pdf , page1 used on input line 214.
(pdftex.def)             Requested size: 597.5064pt x 845.0448pt.
File: 3.7 Resume.pdf Graphic file (type pdf)
<use 3.7 Resume.pdf, page 1>
Package pdftex.def Info: 3.7 Resume.pdf , page1 used on input line 214.
(pdftex.def)             Requested size: 597.53374pt x 845.08348pt.
File: 3.7 Resume.pdf Graphic file (type pdf)
<use 3.7 Resume.pdf, page 1>
Package pdftex.def Info: 3.7 Resume.pdf , page1 used on input line 214.
(pdftex.def)             Requested size: 597.53374pt x 845.08348pt.
File: 3.7 Resume.pdf Graphic file (type pdf)
<use 3.7 Resume.pdf, page 1>
Package pdftex.def Info: 3.7 Resume.pdf , page1 used on input line 214.
(pdftex.def)             Requested size: 597.53374pt x 845.08348pt.
File: 3.7 Resume.pdf Graphic file (type pdf)
<use 3.7 Resume.pdf, page 1>
Package pdftex.def Info: 3.7 Resume.pdf , page1 used on input line 214.
(pdftex.def)             Requested size: 597.53374pt x 845.08348pt.
 [46

 <./3.7 Resume.pdf>]
Underfull \hbox (badness 10000) in paragraph at lines 218--220

 []

File: Background 2.jpg Graphic file (type jpg)
<use Background 2.jpg>
Package pdftex.def Info: Background 2.jpg  used on input line 226.
(pdftex.def)             Requested size: 597.53827pt x 845.09245pt.
[47]
<3.9 Time Card.pdf, id=653, 598.15468pt x 846.0408pt>
File: 3.9 Time Card.pdf Graphic file (type pdf)
<use 3.9 Time Card.pdf>
Package pdftex.def Info: 3.9 Time Card.pdf  used on input line 229.
(pdftex.def)             Requested size: 598.15321pt x 846.03874pt.
<3.9 Time Card.pdf, id=655, page=1, 598.15468pt x 846.0408pt>
File: 3.9 Time Card.pdf Graphic file (type pdf)
<use 3.9 Time Card.pdf, page 1>
Package pdftex.def Info: 3.9 Time Card.pdf , page1 used on input line 229.
(pdftex.def)             Requested size: 598.15321pt x 846.03874pt.
File: 3.9 Time Card.pdf Graphic file (type pdf)
<use 3.9 Time Card.pdf, page 1>
Package pdftex.def Info: 3.9 Time Card.pdf , page1 used on input line 229.
(pdftex.def)             Requested size: 597.4778pt x 845.08344pt.
File: 3.9 Time Card.pdf Graphic file (type pdf)
<use 3.9 Time Card.pdf, page 1>
Package pdftex.def Info: 3.9 Time Card.pdf , page1 used on input line 229.
(pdftex.def)             Requested size: 597.4778pt x 845.08344pt.
File: 3.9 Time Card.pdf Graphic file (type pdf)
<use 3.9 Time Card.pdf, page 1>
Package pdftex.def Info: 3.9 Time Card.pdf , page1 used on input line 229.
(pdftex.def)             Requested size: 597.4778pt x 845.08344pt.
File: 3.9 Time Card.pdf Graphic file (type pdf)
<use 3.9 Time Card.pdf, page 1>
Package pdftex.def Info: 3.9 Time Card.pdf , page1 used on input line 229.
(pdftex.def)             Requested size: 597.4778pt x 845.08344pt.
 [48

 <./3.9 Time Card.pdf>]
<3.9 Time Card.pdf, id=673, page=2, 598.15468pt x 846.0408pt>
File: 3.9 Time Card.pdf Graphic file (type pdf)
<use 3.9 Time Card.pdf, page 2>
Package pdftex.def Info: 3.9 Time Card.pdf , page2 used on input line 229.
(pdftex.def)             Requested size: 597.4778pt x 845.08344pt.
File: 3.9 Time Card.pdf Graphic file (type pdf)
<use 3.9 Time Card.pdf, page 2>
Package pdftex.def Info: 3.9 Time Card.pdf , page2 used on input line 229.
(pdftex.def)             Requested size: 597.4778pt x 845.08344pt.
File: 3.9 Time Card.pdf Graphic file (type pdf)
<use 3.9 Time Card.pdf, page 2>
Package pdftex.def Info: 3.9 Time Card.pdf , page2 used on input line 229.
(pdftex.def)             Requested size: 597.4778pt x 845.08344pt.
 [49

 <./3.9 Time Card.pdf>] (./main.aux)
 ***********
LaTeX2e <2025-11-01>
L3 programming layer <2026-01-19>
 ***********
Package rerunfilecheck Info: File `main.out' has not changed.
(rerunfilecheck)             Checksum: 821E9DA85FB2EED566C8B2348491E181;3402.
 ) 
Here is how much of TeX's memory you used:
 23873 strings out of 467525
 453447 string characters out of 5418982
 859609 words of memory out of 5000000
 52291 multiletter control sequences out of 15000+600000
 630953 words of font info for 51 fonts, out of 8000000 for 9000
 1141 hyphenation exceptions out of 8191
 99i,17n,108p,2280b,869s stack positions out of 10000i,1000n,20000p,200000b,200000s
</usr/local/texlive/2026/texmf-dist/fonts/type1/public/amsfonts/cm/cmbx10.pfb
></usr/local/texlive/2026/texmf-dist/fonts/type1/public/amsfonts/cm/cmbx12.pfb>
</usr/local/texlive/2026/texmf-dist/fonts/type1/public/amsfonts/cm/cmcsc10.pfb>
</usr/local/texlive/2026/texmf-dist/fonts/type1/public/amsfonts/cm/cmr10.pfb></
usr/local/texlive/2026/texmf-dist/fonts/type1/public/amsfonts/cm/cmr9.pfb></usr
/local/texlive/2026/texmf-dist/fonts/type1/public/amsfonts/cm/cmti10.pfb></usr/
local/texlive/2026/texmf-dist/fonts/type1/public/amsfonts/cm/cmtt10.pfb>
Output written on main.pdf (49 pages, 32793429 bytes).
PDF statistics:
 736 PDF objects out of 1000 (max. 8388607)
 526 compressed objects within 6 object streams
 99 named destinations out of 1000 (max. 500000)
 432 words of extra memory for PDF output out of 10000 (max. 10000000)

